
==============
20230113023219
==============
untracked file, adding: .zettel-notes/patches/9/3c494586-4c14-400c-9fef-b46ac1b17af6.diff
untracked file, adding: .zettel-notes/patches/1/3ef88647-9256-475f-8b81-a440288fb2d8.diff
untracked file, adding: .zettel-notes/patches/9/e22bd973-635e-44f9-b669-16ee2a0e4653.diff
untracked file, adding: .zettel-notes/patches/9/48562cc5-bb34-4037-8599-99345c7e34ce.diff
untracked file, adding: .zettel-notes/recycle-bin/11.01.2023 21:53:15 Установка Node.js в Ubuntu 20.04 | DigitalOcean.md
untracked file, adding: .zettel-notes/logs/sync/2023-01-08.log
untracked file, adding: .zettel-notes/patches/9/33bdae14-a5b8-4ebb-b4e9-5ce9edbf19a8.diff
untracked file, adding: .zettel-notes/patches/9/60b6a45f-868c-4868-b332-d290e5d135c7.diff
untracked file, adding: .zettel-notes/patches/9/6f9682cb-5991-40eb-b5c6-98e7f27bd4c4.diff
untracked file, adding: .zettel-notes/patches/9/8f40cba5-6257-4957-8b1e-5b0b207d3533.diff
untracked file, adding: .zettel-notes/patches/9/5dd19be7-efc9-4469-960c-af072d770f9a.diff
untracked file, adding: .zettel-notes/patches/7/90195674-f641-42e3-bba1-a67d6ddcc6c6.diff
untracked file, adding: .zettel-notes/patches/9/1de8943d-8f33-4be6-9bb2-323e4eac0aaf.diff
untracked file, adding: .zettel-notes/patches/9/21b8c0bc-c081-4277-b9d8-6a7a416e2e6f.diff
untracked file, adding: .zettel-notes/patches/9/339b6d34-d6b3-4a41-b3b2-ae61444640ab.diff
untracked file, adding: .zettel-notes/patches/9/ec74d034-990a-4d23-8458-c18ae15f50ed.diff
untracked file, adding: .zettel-notes/patches/11/bdfd3d83-a278-4a27-9fe3-ab37fdfcd616.diff
untracked file, adding: .zettel-notes/patches/9/4b6d6dce-9059-470d-badc-57c082c9b002.diff
untracked file, adding: .zettel-notes/patches/9/76ae5a9a-f6df-4086-ab45-dc96d87199c6.diff
untracked file, adding: .zettel-notes/patches/1/7001e7e2-e73d-4a0f-a3e8-32d242f0ab54.diff
untracked file, adding: .zettel-notes/patches/9/5686c5ce-08fe-495e-b2e6-fbac16779fbc.diff
untracked file, adding: .zettel-notes/patches/9/a3c7961f-6b1a-41c4-a910-a91832de4d8b.diff
untracked file, adding: .zettel-notes/patches/18/e4f9232c-ecfe-49aa-8d47-8591cce77712.diff
untracked file, adding: .zettel-notes/logs/sync/2023-01-06.log
untracked file, adding: .zettel-notes/patches/1/973c9c47-65db-4908-8f33-d93273649275.diff
untracked file, adding: .zettel-notes/patches/9/12c1f1a1-fa4b-44ab-a413-cb5f8ed63ecc.diff
untracked file, adding: .zettel-notes/patches/1/78c79947-43c2-469e-9f91-c1f3e07a0631.diff
untracked file, adding: .zettel-notes/patches/1/e378a0f2-c009-484d-9144-75f8dadd4506.diff
untracked file, adding: .zettel-notes/patches/8/b7bb1768-a1ae-41d1-80cf-0920b4ae1a19.diff
untracked file, adding: .zettel-notes/patches/9/842d4f09-e388-4ed9-85ad-c69752711cb2.diff
untracked file, adding: .zettel-notes/patches/9/0388b347-cafc-4618-83aa-34fb22204124.diff
untracked file, adding: .zettel-notes/patches/9/7af5bc5b-1856-481e-a835-353e768ec918.diff
untracked file, adding: .zettel-notes/recycle-bin/11.01.2023 21:53:15 Установка Node.js в Ubuntu 20.04 | DigitalOcean_1.md
untracked file, adding: .zettel-notes/patches/9/51eee87b-7f67-4a41-b855-394e09999cc1.diff
untracked file, adding: .zettel-notes/logs/sync/2023-01-12.log
untracked file, adding: .zettel-notes/patches/9/5975ac52-f2b4-4a7f-a063-7886ff9aa496.diff
untracked file, adding: .zettel-notes/patches/9/299db751-3d51-4bb3-a076-74d6fc581803.diff
untracked file, adding: .zettel-notes/patches/9/ce5966a7-390d-4864-a6cc-36c61502d37a.diff
untracked file, adding: .zettel-notes/patches/1/0b1cc1f6-0b17-4580-883d-2d80e9c3ce33.diff
untracked file, adding: .zettel-notes/patches/9/52557e32-5590-4c1e-8f50-58905712e5c8.diff
untracked file, adding: .zettel-notes/patches/1/99cfdd14-92b4-42b8-8ee8-27346f93bdaa.diff
untracked file, adding: .zettel-notes/patches/9/2f9b1f39-87cd-4e72-91b8-9abe050526d1.diff
untracked file, adding: .zettel-notes/patches/18/8da660c8-f6c9-448f-85ef-a357d64b6258.diff
untracked file, adding: oabsidion/Templater.md
untracked file, adding: .zettel-notes/patches/9/25d4b65a-8046-47f3-b709-ba09816a4d79.diff
untracked file, adding: .zettel-notes/logs/sync/2023-01-05.log
untracked file, adding: .zettel-notes/patches/19/75f176e9-4699-48fc-a90a-92641478bd25.diff
untracked file, adding: .zettel-notes/patches/19/3602a0a6-d361-4da2-8204-5e469993b319.diff
untracked file, adding: .zettel-notes/recycle-bin/06.01.2023 03:34:35 .md
untracked file, adding: .zettel-notes/patches/9/8cef79af-7dba-4b78-aa6b-bcc512fab06c.diff
untracked file, adding: .zettel-notes/patches/9/f5edd3f0-44b2-4e33-82b4-4f98fc1baeb6.diff
untracked file, adding: .zettel-notes/recycle-bin/Templater.md
untracked file, adding: .zettel-notes/patches/18/4032ccfd-02af-4f0a-b1d9-f5d90c5722ed.diff
untracked file, adding: .zettel-notes/recycle-bin/06.01.2023 07:57:54 .md
untracked file, adding: .zettel-notes/patches/9/c72fce89-2768-4d52-9c85-afbe915b4382.diff
untracked file, adding: .zettel-notes/patches/9/cde1c79e-6e48-49d8-936d-d19539593661.diff
untracked file, adding: .zettel-notes/patches/9/157b0200-8743-43de-8697-23b5884881ef.diff
untracked file, adding: .zettel-notes/patches/9/391a3d08-d738-4fbe-911c-e46853c46b9f.diff
untracked file, adding: .zettel-notes/patches/21/c51b1d17-b832-4635-9e76-868311857e41.diff
untracked file, adding: .zettel-notes/patches/10/b951cc07-1b7d-414a-b114-0f1badf62d02.diff
untracked file, adding: .zettel-notes/patches/13/79f12689-2595-4f6f-82c3-da7b9939764a.diff
untracked file, adding: .zettel-notes/patches/9/5d32d49a-dc9e-48ac-b153-15bef8414500.diff
untracked file, adding: .zettel-notes/patches/9/7520c665-0144-4bf1-88af-1648862cb419.diff
untracked file, adding: .zettel-notes/patches/1/8140d33f-dc55-4459-aa50-9f575f9eae01.diff
untracked file, adding: .zettel-notes/patches/1/606c7e13-1d5e-4a7f-a500-545bb6c4b7a7.diff
untracked file, adding: .zettel-notes/patches/9/4e6683a0-4b69-4566-860b-26d6eb95d314.diff


==============
20230113023230
==============
untracked file, adding: .zettel-notes/logs/sync/2023-01-13.log

