
==============
20230114172106
==============
untracked file, adding: .zettel-notes/patches/41/91f3b32b-0f69-40b3-9a25-b31ef256dc21.diff


==============
20230114172701
==============
untracked file, adding: .zettel-notes/logs/sync/2023-01-14.log
untracked file, adding: kks/tb/tb2 .md
untracked file, adding: .zettel-notes/recycle-bin/тб .md


==============
20230114172733
==============
untracked file, adding: .zettel-notes/recycle-bin/tb2 .md
untracked file, adding: .zettel-notes/recycle-bin/14.01.2023 17:27:05 .md


==============
20230114194153
==============
untracked file, adding: .zettel-notes/patches/48/b7d94411-128b-4522-8014-9c4d33da85c5.diff
untracked file, adding: kks/index .md
untracked file, adding: .zettel-notes/patches/44/520f66a1-7df6-42f9-874c-2c1107e52172.diff


==============
20230114195539
==============
untracked file, adding: .zettel-notes/patches/48/69cfeac4-e8ca-45aa-aba6-5df3f31a9be4.diff
untracked file, adding: .zettel-notes/patches/44/9a28f140-ed69-45de-a78d-bc11864901cc.diff

