
==============
20230106033835
==============
untracked file, adding: 06.01.2023 03:34:35 .md
untracked file, adding: 06.01.2023 03:38:23 tmux command man page | ManKier.md


==============
20230106072726
==============
untracked file, adding: 06.01.2023 07:27:13 .md


==============
20230106073130
==============
untracked file, adding: 06.01.2023 07:30:44 Templater.md


==============
20230106075001
==============
untracked file, adding: 06.01.2023 07:49:29 .md
untracked file, adding: 06.01.2023 07:49:42 .md


==============
20230106080059
==============
untracked file, adding: docs/06.01.2023 07:57:54 .md
untracked file, adding: 06.01.2023 07:49:42 .md!


==============
20230106080615
==============
untracked file, adding: 06.01.2023 08:05:13 .md


==============
20230106081110
==============
untracked file, adding: 06.01.2023 08:09:50 .md


==============
20230106081202
==============
untracked file, adding: 06.01.2023 08:11:11 .md


==============
20230106175822
==============
untracked file, adding: 06.01.2023 17:58:01 zsh command man page | ManKier.md


==============
20230106180057
==============
untracked file, adding: 06.01.2023 18:00:44 Z-Shell Frequently-Asked Questions.md

