
==============
20230116181927
==============
untracked file, adding: .zettel-notes/patches/48/9beb9405-4353-40cc-8e65-3515c94d4491.diff
untracked file, adding: .zettel-notes/patches/38/d14fb460-7265-43b1-ae99-c8a74bbcb6cb.diff
untracked file, adding: .zettel-notes/logs/sync/2023-01-15.log
untracked file, adding: 16.01.2023 18:19:01 Run an SSH server on your Android with Termux - glow.li.md


==============
20230116185114
==============
untracked file, adding: 16.01.2023 18:50:49 Encrypt Termux filesystem with LUKS - glow.li.md
untracked file, adding: .zettel-notes/logs/sync/2023-01-16.log
untracked file, adding: .zettel-notes/patches/44/5fa01059-d93d-446a-9f0e-73b26f9d8413.diff


==============
20230116185151
==============
untracked file, adding: .zettel-notes/patches/38/d2991327-ce2d-4e3a-88dc-abe4079b29c0.diff


==============
20230116185227
==============
untracked file, adding: .zettel-notes/patches/52/cf5f8cb4-03fa-461b-82fb-2f19074d5306.diff


==============
20230116185309
==============
untracked file, adding: .zettel-notes/patches/51/d910b450-32e0-4059-9cf4-7ad56fc50f70.diff

